Using pre-set license
Built from '2021.1/staging' branch; Version is '2021.1.7f1 (d91830b65d9b) revision 14227504'; Using compiler version '192528614'; Build Type 'Release'
OS: 'Windows 7  (6.1.0) 64bit' Language: 'en' Physical Memory: 3698 MB
BatchMode: 1, IsHumanControllingUs: 0, StartBugReporterOnCrash: 0, Is64bit: 1, IsPro: 0

 COMMAND LINE ARGUMENTS:
C:\Users\MOJEDA\Desktop\Unity\2021.1.7f1\Editor\Unity.exe
-adb2
-batchMode
-noUpm
-name
AssetImportWorker6
-projectPath
C:/Users/MOJEDA/Desktop/Unity/DungeonEscapeC3.5
-logFile
Logs/AssetImportWorker6.log
-srvPort
50780
Successfully changed project path to: C:/Users/MOJEDA/Desktop/Unity/DungeonEscapeC3.5
C:/Users/MOJEDA/Desktop/Unity/DungeonEscapeC3.5
Using Asset Import Pipeline V2.
Refreshing native plugins compatible for Editor in 226.11 ms, found 1 plugins.
Preloading 0 native plugins for Editor in 0.00 ms.
Initialize engine version: 2021.1.7f1 (d91830b65d9b)
[Subsystems] Discovering subsystems at path C:/Users/MOJEDA/Desktop/Unity/2021.1.7f1/Editor/Data/Resources/UnitySubsystems
[Subsystems] Discovering subsystems at path C:/Users/MOJEDA/Desktop/Unity/DungeonEscapeC3.5/Assets
GfxDevice: creating device client; threaded=0; jobified=0
d3d11: CreateDXGIFactory2(...) not found, fallbacking to CreateDXGIFactory1(...).
d3d11: QueryInterface(IDXGIFactory5) failed (80004002).
Direct3D:
    Version:  Direct3D 11.0 [level 11.0]
    Renderer: Intel(R) HD Graphics 4000 (ID=0x166)
    Vendor:   Intel
    VRAM:     1593 MB
    Driver:   9.17.10.2843
Initialize mono
Mono path[0] = 'C:/Users/MOJEDA/Desktop/Unity/2021.1.7f1/Editor/Data/Managed'
Mono path[1] = 'C:/Users/MOJEDA/Desktop/Unity/2021.1.7f1/Editor/Data/MonoBleedingEdge/lib/mono/unityjit'
Mono config path = 'C:/Users/MOJEDA/Desktop/Unity/2021.1.7f1/Editor/Data/MonoBleedingEdge/etc'
Using monoOptions --debugger-agent=transport=dt_socket,embedding=1,server=y,suspend=n,address=127.0.0.1:56756
Begin MonoManager ReloadAssembly
Registering precompiled unity dll's ...
Register platform support module: C:/Users/MOJEDA/Desktop/Unity/2021.1.7f1/Editor/Data/PlaybackEngines/WindowsStandaloneSupport/UnityEditor.WindowsStandalone.Extensions.dll
Registered in 0.067546 seconds.
Native extension for WindowsStandalone target not found
Refreshing native plugins compatible for Editor in 237.68 ms, found 1 plugins.
Preloading 0 native plugins for Editor in 0.00 ms.
Mono: successfully reloaded assembly
- Completed reload, in 11.413 seconds
Platform modules already initialized, skipping
Registering precompiled user dll's ...
Registered in 0.062919 seconds.
