Using pre-set license
Built from '2021.1/staging' branch; Version is '2021.1.7f1 (d91830b65d9b) revision 14227504'; Using compiler version '192528614'; Build Type 'Release'
OS: 'Windows 7  (6.1.0) 64bit' Language: 'en' Physical Memory: 3698 MB
BatchMode: 1, IsHumanControllingUs: 0, StartBugReporterOnCrash: 0, Is64bit: 1, IsPro: 0

 COMMAND LINE ARGUMENTS:
C:\Users\MOJEDA\Desktop\Unity\2021.1.7f1\Editor\Unity.exe
-adb2
-batchMode
-noUpm
-name
AssetImportWorker0
-projectPath
C:/Users/MOJEDA/Desktop/Unity/DungeonEscapeC3.5
-logFile
Logs/AssetImportWorker0.log
-srvPort
50780
Successfully changed project path to: C:/Users/MOJEDA/Desktop/Unity/DungeonEscapeC3.5
C:/Users/MOJEDA/Desktop/Unity/DungeonEscapeC3.5
Using Asset Import Pipeline V2.
